<?xml version="1.0" encoding="UTF-8"?>
<!-- Generated by org.testng.reporters.JUnitReportReporter -->
<testsuite skipped="0" hostname="DESKTOP-P8AMN17" name="colection.NewTestngclass" tests="1" failures="0" timestamp="2023-04-09T18:15:59 IST" time="0.018" errors="0">
  <testcase name="f" time="0.018" classname="colection.NewTestngclass"/>
  <system-out/>
</testsuite> <!-- colection.NewTestngclass -->
