<?xml version="1.0" encoding="UTF-8"?>
<!-- Generated by org.testng.reporters.JUnitReportReporter -->
<testsuite skipped="0" hostname="DESKTOP-P8AMN17" name="colection.Testng" tests="1" failures="0" timestamp="2023-04-09T17:26:08 IST" time="0.023" errors="0">
  <testcase name="m1" time="0.023" classname="colection.Testng"/>
  <system-out/>
</testsuite> <!-- colection.Testng -->
